Release 14.4 - xst P.49d (nt64)
Copyright (c) 1995-2012 Xilinx, Inc.  All rights reserved.
--> Parameter TMPDIR set to xst/projnav.tmp


Total REAL time to Xst completion: 2.00 secs
Total CPU time to Xst completion: 1.37 secs
 
--> Parameter xsthdpdir set to xst


Total REAL time to Xst completion: 2.00 secs
Total CPU time to Xst completion: 1.38 secs
 
--> Reading design: ALU_outer.prj

TABLE OF CONTENTS
  1) Synthesis Options Summary
  2) HDL Parsing
  3) HDL Elaboration
  4) HDL Synthesis
       4.1) HDL Synthesis Report
  5) Advanced HDL Synthesis
       5.1) Advanced HDL Synthesis Report
  6) Low Level Synthesis
  7) Partition Report
  8) Design Summary
       8.1) Primitive and Black Box Usage
       8.2) Device utilization summary
       8.3) Partition Resource Summary
       8.4) Timing Report
            8.4.1) Clock Information
            8.4.2) Asynchronous Control Signals Information
            8.4.3) Timing Summary
            8.4.4) Timing Details
            8.4.5) Cross Clock Domains Report


=========================================================================
*                      Synthesis Options Summary                        *
=========================================================================
---- Source Parameters
Input File Name                    : "ALU_outer.prj"
Ignore Synthesis Constraint File   : NO

---- Target Parameters
Output File Name                   : "ALU_outer"
Output Format                      : NGC
Target Device                      : xa7a100t-2I-csg324

---- Source Options
Top Module Name                    : ALU_outer
Automatic FSM Extraction           : YES
FSM Encoding Algorithm             : Auto
Safe Implementation                : No
FSM Style                          : LUT
RAM Extraction                     : Yes
RAM Style                          : Auto
ROM Extraction                     : Yes
Shift Register Extraction          : YES
ROM Style                          : Auto
Resource Sharing                   : YES
Asynchronous To Synchronous        : NO
Shift Register Minimum Size        : 2
Use DSP Block                      : Auto
Automatic Register Balancing       : No

---- Target Options
LUT Combining                      : Auto
Reduce Control Sets                : Auto
Add IO Buffers                     : YES
Global Maximum Fanout              : 100000
Add Generic Clock Buffer(BUFG)     : 32
Register Duplication               : YES
Optimize Instantiated Primitives   : NO
Use Clock Enable                   : Auto
Use Synchronous Set                : Auto
Use Synchronous Reset              : Auto
Pack IO Registers into IOBs        : Auto
Equivalent register Removal        : YES

---- General Options
Optimization Goal                  : Speed
Optimization Effort                : 1
Power Reduction                    : NO
Keep Hierarchy                     : No
Netlist Hierarchy                  : As_Optimized
RTL Output                         : Yes
Global Optimization                : AllClockNets
Read Cores                         : YES
Write Timing Constraints           : NO
Cross Clock Analysis               : NO
Hierarchy Separator                : /
Bus Delimiter                      : <>
Case Specifier                     : Maintain
Slice Utilization Ratio            : 100
BRAM Utilization Ratio             : 100
DSP48 Utilization Ratio            : 100
Auto BRAM Packing                  : NO
Slice Utilization Ratio Delta      : 5

=========================================================================


=========================================================================
*                          HDL Parsing                                  *
=========================================================================
Analyzing Verilog file "Z:\Xilinx\SingleCycles\FullAdder.v" into library work
Parsing module <FullAdder>.
Analyzing Verilog file "Z:\Xilinx\SingleCycles\triState.v" into library work
Parsing module <triState>.
Analyzing Verilog file "Z:\Xilinx\SingleCycles\RippleCarryAdder.v" into library work
Parsing module <RippleCarryAdder>.
Analyzing Verilog file "Z:\Xilinx\SingleCycles\RegisterBit.v" into library work
Parsing module <RegisterBit>.
Analyzing Verilog file "Z:\Xilinx\SingleCycles\ALU_outer.v" into library work
Parsing module <ALU_outer>.

=========================================================================
*                            HDL Elaboration                            *
=========================================================================

Elaborating module <ALU_outer>.

Elaborating module <RegisterBit>.

Elaborating module <RippleCarryAdder>.

Elaborating module <FullAdder>.

Elaborating module <triState>.
WARNING:HDLCompiler:634 - "Z:\Xilinx\SingleCycles\ALU_outer.v" Line 84: Net <Two> does not have a driver.

=========================================================================
*                           HDL Synthesis                               *
=========================================================================

Synthesizing Unit <ALU_outer>.
    Related source file is "Z:\Xilinx\SingleCycles\ALU_outer.v".
WARNING:Xst:653 - Signal <Two> is used but never assigned. This sourceless signal will be automatically connected to value GND.
    Found 16-bit register for signal <Z>.
    Summary:
	inferred  16 D-type flip-flop(s).
Unit <ALU_outer> synthesized.

Synthesizing Unit <RegisterBit>.
    Related source file is "Z:\Xilinx\SingleCycles\RegisterBit.v".
    Found 1-bit register for signal <value>.
    Summary:
	inferred   1 D-type flip-flop(s).
Unit <RegisterBit> synthesized.

Synthesizing Unit <RippleCarryAdder>.
    Related source file is "Z:\Xilinx\SingleCycles\RippleCarryAdder.v".
    Summary:
	no macro.
Unit <RippleCarryAdder> synthesized.

Synthesizing Unit <FullAdder>.
    Related source file is "Z:\Xilinx\SingleCycles\FullAdder.v".
    Summary:
Unit <FullAdder> synthesized.

Synthesizing Unit <triState>.
    Related source file is "Z:\Xilinx\SingleCycles\triState.v".
    Found 1-bit tristate buffer for signal <out<15>> created at line 26
    Found 1-bit tristate buffer for signal <out<14>> created at line 26
    Found 1-bit tristate buffer for signal <out<13>> created at line 26
    Found 1-bit tristate buffer for signal <out<12>> created at line 26
    Found 1-bit tristate buffer for signal <out<11>> created at line 26
    Found 1-bit tristate buffer for signal <out<10>> created at line 26
    Found 1-bit tristate buffer for signal <out<9>> created at line 26
    Found 1-bit tristate buffer for signal <out<8>> created at line 26
    Found 1-bit tristate buffer for signal <out<7>> created at line 26
    Found 1-bit tristate buffer for signal <out<6>> created at line 26
    Found 1-bit tristate buffer for signal <out<5>> created at line 26
    Found 1-bit tristate buffer for signal <out<4>> created at line 26
    Found 1-bit tristate buffer for signal <out<3>> created at line 26
    Found 1-bit tristate buffer for signal <out<2>> created at line 26
    Found 1-bit tristate buffer for signal <out<1>> created at line 26
    Found 1-bit tristate buffer for signal <out<0>> created at line 26
    Summary:
	inferred  16 Tristate(s).
Unit <triState> synthesized.

=========================================================================
HDL Synthesis Report

Macro Statistics
# Registers                                            : 5
 1-bit register                                        : 4
 16-bit register                                       : 1
# Tristates                                            : 112
 1-bit tristate buffer                                 : 112
# Xors                                                 : 16
 1-bit xor3                                            : 16

=========================================================================

=========================================================================
*                       Advanced HDL Synthesis                          *
=========================================================================

WARNING:Xst - The specified part-type was not generated at build time. XST is loading the full part-type and will therefore consume more CPU and memory.
Loading device for application Rf_Device from file '7a100t.nph' in environment Z:\Xilinx\14.4\ISE_DS\ISE\.
Loading device for application Rf_Device from file '7a100t.nph' in environment Z:\Xilinx\14.4\ISE_DS\ISE\.

=========================================================================
Advanced HDL Synthesis Report

Macro Statistics
# Registers                                            : 20
 Flip-Flops                                            : 20
# Xors                                                 : 16
 1-bit xor3                                            : 16

=========================================================================

=========================================================================
*                         Low Level Synthesis                           *
=========================================================================
WARNING:Xst:2042 - Unit triState: 16 internal tristates are replaced by logic (pull-up yes): out<0>, out<10>, out<11>, out<12>, out<13>, out<14>, out<15>, out<1>, out<2>, out<3>, out<4>, out<5>, out<6>, out<7>, out<8>, out<9>.

Optimizing unit <ALU_outer> ...

Optimizing unit <RippleCarryAdder> ...
INFO:Xst:2261 - The FF/Latch <result_15> in Unit <ALU_outer> is equivalent to the following FF/Latch, which will be removed : <SFF/value> 

Mapping all equations...
Building and optimizing final netlist ...
Found area constraint ratio of 100 (+ 5) on block ALU_outer, actual ratio is 0.
FlipFlop result_15 has been replicated 1 time(s) to handle iob=true attribute.

Final Macro Processing ...

=========================================================================
Final Register Report

Macro Statistics
# Registers                                            : 20
 Flip-Flops                                            : 20

=========================================================================

=========================================================================
*                           Partition Report                            *
=========================================================================

Partition Implementation Status
-------------------------------

  No Partitions were found in this design.

-------------------------------

=========================================================================
*                            Design Summary                             *
=========================================================================

Top Level Output File Name         : ALU_outer.ngc

Primitive and Black Box Usage:
------------------------------
# BELS                             : 45
#      LUT3                        : 16
#      LUT4                        : 1
#      LUT5                        : 8
#      LUT6                        : 19
#      VCC                         : 1
# FlipFlops/Latches                : 20
#      FD                          : 17
#      FDE                         : 3
# Clock Buffers                    : 1
#      BUFGP                       : 1
# IO Buffers                       : 54
#      IBUF                        : 34
#      OBUF                        : 20

Device utilization summary:
---------------------------

Selected Device : xa7a100tcsg324-2i 


Slice Logic Utilization: 
 Number of Slice LUTs:                   44  out of  63400     0%  
    Number used as Logic:                44  out of  63400     0%  

Slice Logic Distribution: 
 Number of LUT Flip Flop pairs used:     44
   Number with an unused Flip Flop:      44  out of     44   100%  
   Number with an unused LUT:             0  out of     44     0%  
   Number of fully used LUT-FF pairs:     0  out of     44     0%  
   Number of unique control sets:         2

IO Utilization: 
 Number of IOs:                          55
 Number of bonded IOBs:                  55  out of    210    26%  
    IOB Flip Flops/Latches:              20

Specific Feature Utilization:
 Number of BUFG/BUFGCTRLs:                1  out of     32     3%  

---------------------------
Partition Resource Summary:
---------------------------

  No Partitions were found in this design.

---------------------------


=========================================================================
Timing Report

NOTE: THESE TIMING NUMBERS ARE ONLY A SYNTHESIS ESTIMATE.
      FOR ACCURATE TIMING INFORMATION PLEASE REFER TO THE TRACE REPORT
      GENERATED AFTER PLACE-and-ROUTE.

Clock Information:
------------------
-----------------------------------+------------------------+-------+
Clock Signal                       | Clock buffer(FF name)  | Load  |
-----------------------------------+------------------------+-------+
clk                                | BUFGP                  | 20    |
-----------------------------------+------------------------+-------+

Asynchronous Control Signals Information:
----------------------------------------
No asynchronous control signals found in this design

Timing Summary:
---------------
Speed Grade: -2

   Minimum period: No path found
   Minimum input arrival time before clock: 6.054ns
   Maximum output required time after clock: 0.700ns
   Maximum combinational path delay: No path found

Timing Details:
---------------
All values displayed in nanoseconds (ns)

=========================================================================
Timing constraint: Default OFFSET IN BEFORE for Clock 'clk'
  Total number of paths / destination ports: 1469 / 20
-------------------------------------------------------------------------
Offset:              6.054ns (Levels of Logic = 11)
  Source:            X<1> (PAD)
  Destination:       VFF/value (FF)
  Destination Clock: clk rising

  Data Path: X<1> to VFF/value
                                Gate     Net
    Cell:in->out      fanout   Delay   Delay  Logical Name (Net Name)
    ----------------------------------------  ------------
     IBUF:I->O             1   0.001   0.571  X_1_IBUF (X_1_IBUF)
     LUT3:I0->O            2   0.097   0.758  a<1>LogicTrst1 (a<1>)
     LUT6:I0->O            3   0.097   0.451  rca/a2/out1 (rca/c<1>)
     LUT6:I4->O            3   0.097   0.451  rca/a4/out1 (rca/c<3>)
     LUT6:I4->O            3   0.097   0.451  rca/a6/out1 (rca/c<5>)
     LUT6:I4->O            3   0.097   0.451  rca/a8/out1 (rca/c<7>)
     LUT6:I4->O            3   0.097   0.451  rca/a10/out1 (rca/c<9>)
     LUT6:I4->O            3   0.097   0.451  rca/a12/out1 (rca/c<11>)
     LUT6:I4->O            3   0.097   0.451  rca/a14/out1 (rca/c<13>)
     LUT6:I4->O            4   0.097   0.588  rca/a16/XOR_0000051_xo<0>1 (sum<15>)
     LUT5:I2->O            1   0.097   0.000  out51 (Vip)
     FDE:D                     0.008          VFF/value
    ----------------------------------------
    Total                      6.054ns (0.979ns logic, 5.075ns route)
                                       (16.2% logic, 83.8% route)

=========================================================================
Timing constraint: Default OFFSET OUT AFTER for Clock 'clk'
  Total number of paths / destination ports: 20 / 20
-------------------------------------------------------------------------
Offset:              0.700ns (Levels of Logic = 1)
  Source:            result_15_1 (FF)
  Destination:       Z<15> (PAD)
  Source Clock:      clk rising

  Data Path: result_15_1 to Z<15>
                                Gate     Net
    Cell:in->out      fanout   Delay   Delay  Logical Name (Net Name)
    ----------------------------------------  ------------
     FD:C->Q               1   0.361   0.339  result_15_1 (result_15_1)
     OBUF:I->O                 0.000          Z_15_OBUF (Z<15>)
    ----------------------------------------
    Total                      0.700ns (0.361ns logic, 0.339ns route)
                                       (51.6% logic, 48.4% route)

=========================================================================

Cross Clock Domains Report:
--------------------------

=========================================================================


Total REAL time to Xst completion: 116.00 secs
Total CPU time to Xst completion: 115.49 secs
 
--> 

Total memory usage is 794536 kilobytes

Number of errors   :    0 (   0 filtered)
Number of warnings :    4 (   0 filtered)
Number of infos    :    1 (   0 filtered)

